build/app/outputs/mapping/release/mapping.txt
# compiler: R8
# compiler_version: 2.1.62
# min_api: 16
# pg_map_id: e0322cd
# common_typos_disable
...
net.nfet.flutter.printing.PrintingHandler -> net.nfet.flutter.printing.a:
    android.app.Activity activity -> a
    io.flutter.plugin.common.MethodChannel channel -> b
    void onCompleted(net.nfet.flutter.printing.PrintingJob,boolean,java.lang.String) -> a
    void onHtmlError(net.nfet.flutter.printing.PrintingJob,java.lang.String) -> b
    void onHtmlRendered(net.nfet.flutter.printing.PrintingJob,byte[]) -> c
    void onLayout(net.nfet.flutter.printing.PrintingJob,java.lang.Double,double,double,double,double,double) -> d
    void onPageRasterEnd(net.nfet.flutter.printing.PrintingJob,java.lang.String) -> e
    void onMethodCall(io.flutter.plugin.common.MethodCall,io.flutter.plugin.common.MethodChannel$Result) -> f
    void onPageRasterized(net.nfet.flutter.printing.PrintingJob,byte[],int,int) -> g
net.nfet.flutter.printing.PrintingHandler$1 -> net.nfet.flutter.printing.a$a:
    net.nfet.flutter.printing.PrintingJob val$printJob -> a
    void error(java.lang.String,java.lang.String,java.lang.Object) -> a
    void success(java.lang.Object) -> b
    void notImplemented() -> c
net.nfet.flutter.printing.PrintingJob -> net.nfet.flutter.printing.b:
    android.content.Context context -> a
    android.print.PrintJob printJob -> c
    net.nfet.flutter.printing.PrintingHandler printing -> b
    int index -> g
    android.print.PrintManager printManager -> h
    byte[] documentData -> d
    android.print.PrintDocumentAdapter$LayoutResultCallback callback -> f
    java.lang.String jobName -> e
    android.print.PrintJob access$000(net.nfet.flutter.printing.PrintingJob) -> a
    android.print.PrintJob access$002(net.nfet.flutter.printing.PrintingJob,android.print.PrintJob) -> b
    net.nfet.flutter.printing.PrintingHandler access$100(net.nfet.flutter.printing.PrintingJob) -> c
    android.content.Context access$200(net.nfet.flutter.printing.PrintingJob) -> d
    void cancelJob(java.lang.String) -> e
    void convertHtml(java.lang.String,android.print.PrintAttributes$MediaSize,android.print.PrintAttributes$Margins,java.lang.String) -> f
    java.util.List getAllPredefinedSizes() -> g
    void printPdf(java.lang.String,java.lang.Double,java.lang.Double) -> h
    java.util.HashMap printingInfo() -> i
    void rasterPdf(byte[],java.util.ArrayList,java.lang.Double) -> j
    void setDocument(byte[]) -> k
    void sharePdf(android.content.Context,byte[],java.lang.String,java.lang.String,java.lang.String,java.util.ArrayList) -> l
net.nfet.flutter.printing.PrintingJob$1 -> net.nfet.flutter.printing.b$a:
    net.nfet.flutter.printing.PrintingJob this$0 -> a
net.nfet.flutter.printing.PrintingJob$1$1 -> net.nfet.flutter.printing.b$a$a:
    net.nfet.flutter.printing.PrintingJob$1 this$1 -> b
    boolean[] val$wait -> a
net.nfet.flutter.printing.PrintingJob$1$2 -> net.nfet.flutter.printing.b$a$b:
    net.nfet.flutter.printing.PrintingJob$1 this$1 -> b
    java.lang.Exception val$e -> a
net.nfet.flutter.printing.PrintingJob$2 -> net.nfet.flutter.printing.b$b:
    android.print.PrintAttributes$Margins val$margins -> b
    android.webkit.WebView val$webView -> c
    android.print.PrintAttributes$MediaSize val$size -> a
    net.nfet.flutter.printing.PrintingJob this$0 -> d
net.nfet.flutter.printing.PrintingJob$2$1 -> net.nfet.flutter.printing.b$b$a:
    net.nfet.flutter.printing.PrintingJob$2 this$1 -> a
    void onSuccess(java.io.File) -> a
    void onError(java.lang.String) -> b
net.nfet.flutter.printing.PrintingJob$3 -> net.nfet.flutter.printing.b$c:
    java.lang.Double val$scale -> c
    byte[] val$data -> a
    java.util.ArrayList val$pages -> b
    net.nfet.flutter.printing.PrintingJob this$0 -> d
net.nfet.flutter.printing.PrintingJob$3$1 -> net.nfet.flutter.printing.b$c$a:
    net.nfet.flutter.printing.PrintingJob$3 this$1 -> d
    int val$width -> b
    java.nio.ByteBuffer val$buf -> a
    int val$height -> c