build/app/outputs/mapping/release/usage.txt
com.example.sixteen_digit_project.R$color
com.example.sixteen_digit_project.R$string
com.example.sixteen_digit_project.R
com.example.sixteen_digit_project.R$attr
com.example.sixteen_digit_project.R$style
com.example.sixteen_digit_project.R$dimen
com.example.sixteen_digit_project.R$id
com.example.sixteen_digit_project.R$styleable
com.example.sixteen_digit_project.BuildConfig
com.example.sixteen_digit_project.R$layout
com.example.sixteen_digit_project.R$mipmap
com.example.sixteen_digit_project.R$drawable
com.example.sixteen_digit_project.R$xml
com.example.sixteen_digit_project.R$integer
...
com.google.common.collect.Synchronized$SynchronizedListMultimap
kotlin.coroutines.experimental.intrinsics.IntrinsicsKt__IntrinsicsJvmKt$buildContinuationByInvokeCall$continuation$1
com.google.common.collect.Maps$FilteredEntryMap$KeySet
kotlin.PreconditionsKt
com.google.common.reflect.ImmutableTypeToInstanceMap$1
io.flutter.plugin.editing.TextInputPlugin:
    android.text.Editable getEditable()
    io.flutter.plugin.editing.ImeSyncDeferringInsetsCallback getImeSyncCallback()
    public android.view.inputmethod.InputConnection getLastInputConnection()
    private static final java.lang.String TAG
com.google.common.cache.LocalCache$StrongAccessWriteEntry
androidx.core.graphics.TypefaceCompatBaseImpl$StyleExtractor
kotlin.coroutines.CombinedContext
kotlin._Assertions
com.google.common.util.concurrent.internal.InternalFutures:
    private void <init>()
androidx.core.database.DatabaseUtilsCompat
com.google.common.util.concurrent.SettableFuture:
    public boolean setFuture(com.google.common.util.concurrent.ListenableFuture)
androidx.fragment.app.FragmentTransitionCompat21$1
com.google.common.util.concurrent.TimeLimiter
com.google.common.base.Suppliers$SupplierOfInstance
com.google.common.collect.MapMakerInternalMap$SerializationProxy
com.google.common.base.Equivalence$1
kotlin.collections.ArraysKt___ArraysKt$asSequence$$inlined$Sequence$1
com.google.common.collect.Maps$FilteredMapValues
com.google.common.util.concurrent.CycleDetectingLockFactory$CycleDetectingReentrantWriteLock
com.google.common.collect.MultimapBuilder
com.google.common.util.concurrent.ServiceManager$ServiceManagerState
com.google.common.collect.Sets$5$1$1$1
kotlin.coroutines.ContinuationKt$Continuation$1
com.google.common.base.Functions$1
com.google.common.base.CharMatcher$1
com.google.common.util.concurrent.ExecutionList
com.google.common.cache.LocalCache$EntryFactory$1
com.google.common.cache.LocalCache$WeightedSoftValueReference
kotlin.SynchronizedLazyImpl
androidx.core.graphics.drawable.TintAwareDrawable
com.google.common.base.Platform
androidx.annotation.AnimRes
com.google.common.base.Predicates$ObjectPredicate$4
com.google.common.collect.Tables$TransformedTable$3
androidx.annotation.XmlRes
kotlin.jvm.internal.Ref$ShortRef
androidx.lifecycle.ViewModelStore:
    public void <init>()
    final void put(java.lang.String,androidx.lifecycle.ViewModel)
    final androidx.lifecycle.ViewModel get(java.lang.String)
    java.util.Set keys()
    private final java.util.HashMap mMap
kotlin.text.Regex$Serialized$Companion
com.google.common.base.Predicates$ContainsPatternPredicate
com.google.common.util.concurrent.Striped$CompactStriped
io.flutter.embedding.engine.plugins.FlutterPlugin$FlutterAssets:
    public abstract java.lang.String getAssetFilePathByName(java.lang.String)
    public abstract java.lang.String getAssetFilePathByName(java.lang.String,java.lang.String)
    public abstract java.lang.String getAssetFilePathBySubpath(java.lang.String)
    public abstract java.lang.String getAssetFilePathBySubpath(java.lang.String,java.lang.String)
com.google.common.util.concurrent.Service$1
com.google.common.escape.ArrayBasedCharEscaper
androidx.activity.OnBackPressedDispatcher:
    public void <init>()
    public void <init>(java.lang.Runnable)
    public void addCallback(androidx.activity.OnBackPressedCallback)
    public void addCallback(androidx.lifecycle.LifecycleOwner,androidx.activity.OnBackPressedCallback)
    public boolean hasEnabledCallbacks()
    private final java.lang.Runnable mFallbackOnBackPressed
    final java.util.ArrayDeque mOnBackPressedCallbacks
com.google.common.eventbus.Dispatcher$LegacyAsyncDispatcher
com.google.common.graph.MutableNetwork
com.google.common.graph.MapIteratorCache$1$1
com.google.common.hash.AbstractNonStreamingHashFunction
androidx.annotation.IntDef
kotlin.ranges.URangesKt
androidx.core.os.CancellationSignal$OnCancelListener
com.google.common.collect.Sets$SetView
com.google.common.math.MathPreconditions
kotlin.ranges.LongRange